<?xml version="1.0" encoding="UTF-8" ?>
<testsuite tests="44" failures="0" name="testRunner.TestRunner" time="0.007" errors="0" skipped="0">
  <properties>
[...]
</properties>
  <testcase classname="Scenario: Add a new Customer" name="Given User Launch Chrome Browser" time="0.003"/>
  <testcase classname="Scenario: Add a new Customer" name="When User opens url &quot;https://admin-demo.nopcommerce.com/login&quot;" time="0"/>
  <testcase classname="Scenario: Add a new Customer" name="And User enters Email as &quot;admin@yourstore.com&quot; and Password as &quot;admin&quot;" time="0.001"/>
  <testcase classname="Scenario: Add a new Customer" name="And Click on Login" time="0"/>
  <testcase classname="Scenario: Add a new Customer" name="Then User can view Dashboard" time="0"/>
  <testcase classname="Scenario: Add a new Customer" name="When User click on customers Menu" time="0"/>
  <testcase classname="Scenario: Add a new Customer" name="And click on customers Menu Item" time="0"/>
  <testcase classname="Scenario: Add a new Customer" name="And click on Add new button" time="0"/>
  <testcase classname="Scenario: Add a new Customer" name="Then User can view Add new customer page" time="0"/>
  <testcase classname="Scenario: Add a new Customer" name="When User enter customer info" time="0"/>
  <testcase classname="Scenario: Add a new Customer" name="And click on save button" time="0"/>
  <testcase classname="Scenario: Add a new Customer" name="Then User can view confirmation message &quot;The new customer has been added successfully.&quot;" time="0"/>
  <testcase classname="Scenario: Add a new Customer" name="And close browser" time="0"/>
  <testcase classname="Scenario: Add a new Customer" name="Scenario: Add a new Customer" time="0.001"/>
  <testcase classname="Scenario: Search customer by EmailID" name="Given User Launch Chrome Browser" time="0"/>
  <testcase classname="Scenario: Search customer by EmailID" name="When User opens url &quot;https://admin-demo.nopcommerce.com/login&quot;" time="0"/>
  <testcase classname="Scenario: Search customer by EmailID" name="And User enters Email as &quot;admin@yourstore.com&quot; and Password as &quot;admin&quot;" time="0"/>
  <testcase classname="Scenario: Search customer by EmailID" name="And Click on Login" time="0"/>
  <testcase classname="Scenario: Search customer by EmailID" name="Then User can view Dashboard" time="0"/>
  <testcase classname="Scenario: Search customer by EmailID" name="When User click on customers Menu" time="0"/>
  <testcase classname="Scenario: Search customer by EmailID" name="And click on customers Menu Item" time="0"/>
  <testcase classname="Scenario: Search customer by EmailID" name="And Enter customer Email" time="0"/>
  <testcase classname="Scenario: Search customer by EmailID" name="When Click on search button" time="0"/>
  <testcase classname="Scenario: Search customer by EmailID" name="Then User should found Email in the search table" time="0"/>
  <testcase classname="Scenario: Search customer by EmailID" name="And close browser" time="0"/>
  <testcase classname="Scenario: Search customer by EmailID" name="Scenario: Search customer by EmailID" time="0.001"/>
  <testcase classname="Scenario: Successful Login with Valid credentials" name="Given User Launch Chrome Browser" time="0"/>
  <testcase classname="Scenario: Successful Login with Valid credentials" name="When User opens url &quot;https://admin-demo.nopcommerce.com/login&quot;" time="0"/>
  <testcase classname="Scenario: Successful Login with Valid credentials" name="And User enters Email as &quot;admin@yourstore.com&quot; and Password as &quot;admin&quot;" time="0.001"/>
  <testcase classname="Scenario: Successful Login with Valid credentials" name="And Click on Login" time="0"/>
  <testcase classname="Scenario: Successful Login with Valid credentials" name="Then Page Title should be &quot;Dashboard / nopCommerce administration&quot;" time="0"/>
  <testcase classname="Scenario: Successful Login with Valid credentials" name="When User click on Logout link" time="0"/>
  <testcase classname="Scenario: Successful Login with Valid credentials" name="Then Page Title should be &quot;Your store. Login&quot;" time="0"/>
  <testcase classname="Scenario: Successful Login with Valid credentials" name="And close browser" time="0"/>
  <testcase classname="Scenario: Successful Login with Valid credentials" name="Scenario: Successful Login with Valid credentials" time="0"/>
  <testcase classname="| admin@yourstore.com | admin |" name="Given User Launch Chrome Browser" time="0"/>
  <testcase classname="| admin@yourstore.com | admin |" name="When User opens url &quot;https://admin-demo.nopcommerce.com/login&quot;" time="0"/>
  <testcase classname="| admin@yourstore.com | admin |" name="And User enters Email as &quot;admin@yourstore.com&quot; and Password as &quot;admin&quot;" time="0"/>
  <testcase classname="| admin@yourstore.com | admin |" name="And Click on Login" time="0"/>
  <testcase classname="| admin@yourstore.com | admin |" name="Then Page Title should be &quot;Dashboard / nopCommerce administration&quot;" time="0"/>
  <testcase classname="| admin@yourstore.com | admin |" name="When User click on Logout link" time="0"/>
  <testcase classname="| admin@yourstore.com | admin |" name="Then Page Title should be &quot;Your store. Login&quot;" time="0"/>
  <testcase classname="| admin@yourstore.com | admin |" name="And close browser" time="0"/>
  <testcase classname="| admin@yourstore.com | admin |" name="| admin@yourstore.com | admin |" time="0"/>
</testsuite>